2022-11-29 11:04:15.272 [info] Extension host with pid 865 started
2022-11-29 11:04:15.273 [error] Error: listen EACCES: permission denied /run/user/1000/vscode-ipc-9afb1c78-967c-4fc0-977e-c9dc6d5710fa.sock
    at Server.setupListenHandle [as _listen2] (node:net:1313:21)
    at listenInCluster (node:net:1378:12)
    at Server.listen (node:net:1476:5)
    at A.setup (/home/nbellari/.vscode-server/bin/6261075646f055b99068d3688932416f2346dd3b/out/vs/workbench/api/node/extensionHostProcess.js:94:209292)
    at new k (/home/nbellari/.vscode-server/bin/6261075646f055b99068d3688932416f2346dd3b/out/vs/workbench/api/node/extensionHostProcess.js:94:209180)
    at new A (/home/nbellari/.vscode-server/bin/6261075646f055b99068d3688932416f2346dd3b/out/vs/workbench/api/node/extensionHostProcess.js:94:211511)
    at E._createInstance (/home/nbellari/.vscode-server/bin/6261075646f055b99068d3688932416f2346dd3b/out/vs/workbench/api/node/extensionHostProcess.js:80:1522)
    at E.createInstance (/home/nbellari/.vscode-server/bin/6261075646f055b99068d3688932416f2346dd3b/out/vs/workbench/api/node/extensionHostProcess.js:80:947)
    at h._beforeAlmostReadyToRunExtensions (/home/nbellari/.vscode-server/bin/6261075646f055b99068d3688932416f2346dd3b/out/vs/workbench/api/node/extensionHostProcess.js:113:65554)
    at h.initialize (/home/nbellari/.vscode-server/bin/6261075646f055b99068d3688932416f2346dd3b/out/vs/workbench/api/node/extensionHostProcess.js:104:10156)
    at new f (/home/nbellari/.vscode-server/bin/6261075646f055b99068d3688932416f2346dd3b/out/vs/workbench/api/node/extensionHostProcess.js:108:1332)
    at l (/home/nbellari/.vscode-server/bin/6261075646f055b99068d3688932416f2346dd3b/out/vs/workbench/api/node/extensionHostProcess.js:118:19064)
    at processTicksAndRejections (node:internal/process/task_queues:96:5)
2022-11-29 11:04:15.317 [info] Lock '/home/nbellari/.vscode-server/data/User/workspaceStorage/d94be6f886608e2b8f359382461f79d1/vscode.lock': Lock acquired.
2022-11-29 11:04:15.476 [info] ExtensionService#_doActivateExtension vscode.git-base, startup: true, activationEvent: '*'
2022-11-29 11:04:15.628 [info] ExtensionService#_doActivateExtension vscode.github, startup: true, activationEvent: '*'
2022-11-29 11:04:15.729 [info] ExtensionService#_doActivateExtension vscode.debug-auto-launch, startup: false, activationEvent: 'onStartupFinished'
2022-11-29 11:04:15.729 [info] ExtensionService#_doActivateExtension vscode.emmet, startup: false, activationEvent: 'onStartupFinished'
2022-11-29 11:04:15.730 [info] ExtensionService#_doActivateExtension vscode.merge-conflict, startup: false, activationEvent: 'onStartupFinished'
2022-11-29 11:04:15.731 [info] Eager extensions activated
2022-11-29 11:04:17.992 [info] ExtensionService#_doActivateExtension vscode.git, startup: false, activationEvent: 'api', root cause: vscode.github
2022-11-29 11:04:23.452 [info] Extension host terminating: received terminate message from renderer
2022-11-29 11:04:23.453 [info] Lock '/home/nbellari/.vscode-server/data/User/workspaceStorage/d94be6f886608e2b8f359382461f79d1/vscode.lock': Marking the lockfile as scheduled to be released in 6000 ms.
2022-11-29 11:04:23.473 [info] Extension host with pid 865 exiting with code 0
