2022-12-02 12:16:05.658 [info] Validating found git in: git
2022-12-02 12:16:05.658 [info] Using git 2.25.1 from git
2022-12-02 12:16:05.658 [info] > git rev-parse --show-toplevel [4ms]
2022-12-02 12:16:05.658 [info] > git rev-parse --git-dir --git-common-dir [194ms]
2022-12-02 12:16:05.658 [info] Log level: Info
2022-12-02 12:16:05.658 [info] Open repository: /home/nbellari/projects
2022-12-02 12:16:05.658 [info] > git status -z -uall [71ms]
2022-12-02 12:16:05.658 [info] > git rev-parse --show-toplevel [67ms]
2022-12-02 12:16:05.658 [info] > git remote --verbose [78ms]
2022-12-02 12:16:05.658 [info] > git for-each-ref --sort -committerdate --format %(refname) %(objectname) %(*objectname) [82ms]
2022-12-02 12:16:05.659 [info] > git rev-parse --show-toplevel [5ms]
2022-12-02 12:16:05.661 [info] > git config --get commit.template [12ms]
2022-12-02 12:16:05.677 [info] > git for-each-ref --format=%(refname)%00%(upstream:short)%00%(objectname)%00%(upstream:track)%00%(upstream:remotename)%00%(upstream:remoteref) refs/heads/master refs/remotes/master [10ms]
2022-12-02 12:16:05.778 [info] > git status -z -uall [72ms]
2022-12-02 12:16:05.779 [info] > git remote --verbose [77ms]
2022-12-02 12:16:05.779 [info] > git for-each-ref --sort -committerdate --format %(refname) %(objectname) %(*objectname) [89ms]
2022-12-02 12:16:05.787 [info] > git config --get commit.template [75ms]
2022-12-02 12:16:05.796 [info] > git for-each-ref --format=%(refname)%00%(upstream:short)%00%(objectname)%00%(upstream:track)%00%(upstream:remotename)%00%(upstream:remoteref) refs/heads/master refs/remotes/master [2ms]
2022-12-02 12:16:06.163 [info] > git check-ignore -v -z --stdin [2ms]
2022-12-02 12:16:28.864 [info] > git show --textconv :python/hello.py [42ms]
2022-12-02 12:16:28.888 [info] > git ls-files --stage -- /home/nbellari/projects/python/hello.py [55ms]
2022-12-02 12:16:28.899 [info] > git cat-file -s 1dc45ac13680332bc368aa383fec751aed9e6220 [5ms]
2022-12-02 12:16:38.462 [info] > git show --textconv :python/01.py [13ms]
2022-12-02 12:16:38.465 [info] > git ls-files --stage -- /home/nbellari/projects/python/01.py [5ms]
2022-12-02 12:16:38.475 [info] > git cat-file -s 9c70d9b1e7980c81268c8ca5fbf9e22ca12a36e2 [2ms]
2022-12-02 12:16:48.114 [info] > git show --textconv :python/combinations.py [9ms]
2022-12-02 12:16:48.117 [info] > git ls-files --stage -- /home/nbellari/projects/python/combinations.py [3ms]
2022-12-02 12:16:48.361 [info] > git check-ignore -v -z --stdin [1ms]
2022-12-02 12:16:48.969 [info] > git status -z -uall [8ms]
2022-12-02 12:16:48.970 [info] > git remote --verbose [14ms]
2022-12-02 12:16:48.971 [info] > git for-each-ref --sort -committerdate --format %(refname) %(objectname) %(*objectname) [22ms]
2022-12-02 12:16:48.972 [info] > git config --get commit.template [4ms]
2022-12-02 12:16:48.978 [info] > git for-each-ref --format=%(refname)%00%(upstream:short)%00%(objectname)%00%(upstream:track)%00%(upstream:remotename)%00%(upstream:remoteref) refs/heads/master refs/remotes/master [1ms]
2022-12-02 12:17:00.904 [info] > git status -z -uall [11ms]
2022-12-02 12:17:00.905 [info] > git remote --verbose [17ms]
2022-12-02 12:17:00.906 [info] > git for-each-ref --sort -committerdate --format %(refname) %(objectname) %(*objectname) [23ms]
2022-12-02 12:17:00.915 [info] > git config --get commit.template [4ms]
2022-12-02 12:17:00.932 [info] > git for-each-ref --format=%(refname)%00%(upstream:short)%00%(objectname)%00%(upstream:track)%00%(upstream:remotename)%00%(upstream:remoteref) refs/heads/master refs/remotes/master [2ms]
2022-12-02 12:23:49.161 [info] > git status -z -uall [7ms]
2022-12-02 12:23:49.162 [info] > git remote --verbose [12ms]
2022-12-02 12:23:49.163 [info] > git for-each-ref --sort -committerdate --format %(refname) %(objectname) %(*objectname) [19ms]
2022-12-02 12:23:49.164 [info] > git config --get commit.template [4ms]
2022-12-02 12:23:49.171 [info] > git for-each-ref --format=%(refname)%00%(upstream:short)%00%(objectname)%00%(upstream:track)%00%(upstream:remotename)%00%(upstream:remoteref) refs/heads/master refs/remotes/master [1ms]
2022-12-02 12:23:55.679 [info] > git status -z -uall [7ms]
2022-12-02 12:23:55.680 [info] > git remote --verbose [13ms]
2022-12-02 12:23:55.680 [info] > git for-each-ref --sort -committerdate --format %(refname) %(objectname) %(*objectname) [19ms]
2022-12-02 12:23:55.682 [info] > git config --get commit.template [3ms]
2022-12-02 12:23:55.690 [info] > git for-each-ref --format=%(refname)%00%(upstream:short)%00%(objectname)%00%(upstream:track)%00%(upstream:remotename)%00%(upstream:remoteref) refs/heads/master refs/remotes/master [1ms]
2022-12-02 12:25:36.595 [info] > git status -z -uall [13ms]
2022-12-02 12:25:36.596 [info] > git remote --verbose [18ms]
2022-12-02 12:25:36.597 [info] > git for-each-ref --sort -committerdate --format %(refname) %(objectname) %(*objectname) [27ms]
2022-12-02 12:25:36.598 [info] > git config --get commit.template [4ms]
2022-12-02 12:25:36.608 [info] > git for-each-ref --format=%(refname)%00%(upstream:short)%00%(objectname)%00%(upstream:track)%00%(upstream:remotename)%00%(upstream:remoteref) refs/heads/master refs/remotes/master [1ms]
2022-12-02 12:26:09.996 [info] > git status -z -uall [7ms]
2022-12-02 12:26:09.998 [info] > git remote --verbose [13ms]
2022-12-02 12:26:09.999 [info] > git for-each-ref --sort -committerdate --format %(refname) %(objectname) %(*objectname) [25ms]
2022-12-02 12:26:10.000 [info] > git config --get commit.template [4ms]
2022-12-02 12:26:10.007 [info] > git for-each-ref --format=%(refname)%00%(upstream:short)%00%(objectname)%00%(upstream:track)%00%(upstream:remotename)%00%(upstream:remoteref) refs/heads/master refs/remotes/master [1ms]
2022-12-02 12:26:33.608 [info] > git status -z -uall [10ms]
2022-12-02 12:26:33.609 [info] > git remote --verbose [16ms]
2022-12-02 12:26:33.609 [info] > git for-each-ref --sort -committerdate --format %(refname) %(objectname) %(*objectname) [25ms]
2022-12-02 12:26:33.610 [info] > git config --get commit.template [2ms]
2022-12-02 12:26:33.619 [info] > git for-each-ref --format=%(refname)%00%(upstream:short)%00%(objectname)%00%(upstream:track)%00%(upstream:remotename)%00%(upstream:remoteref) refs/heads/master refs/remotes/master [2ms]
2022-12-02 12:27:15.594 [info] > git status -z -uall [5ms]
2022-12-02 12:27:15.595 [info] > git remote --verbose [9ms]
2022-12-02 12:27:15.595 [info] > git for-each-ref --sort -committerdate --format %(refname) %(objectname) %(*objectname) [15ms]
2022-12-02 12:27:15.596 [info] > git config --get commit.template [2ms]
2022-12-02 12:27:15.604 [info] > git for-each-ref --format=%(refname)%00%(upstream:short)%00%(objectname)%00%(upstream:track)%00%(upstream:remotename)%00%(upstream:remoteref) refs/heads/master refs/remotes/master [2ms]
2022-12-05 15:42:06.651 [info] > git status -z -uall [14ms]
2022-12-05 15:42:06.656 [info] > git remote --verbose [37ms]
2022-12-05 15:42:06.656 [info] > git for-each-ref --sort -committerdate --format %(refname) %(objectname) %(*objectname) [50ms]
2022-12-05 15:42:06.682 [info] > git config --get commit.template [30ms]
2022-12-05 15:42:06.684 [info] > git ls-files --stage -- /home/nbellari/projects/python/combinations.py [3ms]
2022-12-05 15:42:06.693 [info] > git for-each-ref --format=%(refname)%00%(upstream:short)%00%(objectname)%00%(upstream:track)%00%(upstream:remotename)%00%(upstream:remoteref) refs/heads/master refs/remotes/master [1ms]
2022-12-05 15:42:06.707 [info] > git show --textconv :python/combinations.py [2ms]
2022-12-05 17:52:06.676 [info] > git status -z -uall [9ms]
2022-12-05 17:52:06.677 [info] > git remote --verbose [16ms]
2022-12-05 17:52:06.678 [info] > git for-each-ref --sort -committerdate --format %(refname) %(objectname) %(*objectname) [24ms]
2022-12-05 17:52:06.697 [info] > git config --get commit.template [21ms]
2022-12-05 17:52:06.700 [info] > git ls-files --stage -- /home/nbellari/projects/python/combinations.py [3ms]
2022-12-05 17:52:06.723 [info] > git for-each-ref --format=%(refname)%00%(upstream:short)%00%(objectname)%00%(upstream:track)%00%(upstream:remotename)%00%(upstream:remoteref) refs/heads/master refs/remotes/master [1ms]
2022-12-05 17:52:06.737 [info] > git show --textconv :python/combinations.py [1ms]
2022-12-05 17:52:19.694 [info] > git check-ignore -v -z --stdin [2ms]
2022-12-05 17:53:17.662 [info] > git show --textconv :python/product.py [7ms]
2022-12-05 17:53:17.663 [info] > git ls-files --stage -- /home/nbellari/projects/python/product.py [3ms]
2022-12-05 17:53:17.909 [info] > git check-ignore -v -z --stdin [1ms]
2022-12-05 17:53:18.428 [info] > git status -z -uall [6ms]
2022-12-05 17:53:18.430 [info] > git remote --verbose [13ms]
2022-12-05 17:53:18.432 [info] > git for-each-ref --sort -committerdate --format %(refname) %(objectname) %(*objectname) [21ms]
2022-12-05 17:53:18.434 [info] > git config --get commit.template [5ms]
2022-12-05 17:53:18.442 [info] > git for-each-ref --format=%(refname)%00%(upstream:short)%00%(objectname)%00%(upstream:track)%00%(upstream:remotename)%00%(upstream:remoteref) refs/heads/master refs/remotes/master [2ms]
2022-12-05 17:55:11.408 [info] > git status -z -uall [5ms]
2022-12-05 17:55:11.409 [info] > git remote --verbose [9ms]
2022-12-05 17:55:11.409 [info] > git for-each-ref --sort -committerdate --format %(refname) %(objectname) %(*objectname) [14ms]
2022-12-05 17:55:11.410 [info] > git config --get commit.template [1ms]
2022-12-05 17:55:11.417 [info] > git for-each-ref --format=%(refname)%00%(upstream:short)%00%(objectname)%00%(upstream:track)%00%(upstream:remotename)%00%(upstream:remoteref) refs/heads/master refs/remotes/master [1ms]
2022-12-05 17:55:23.203 [info] > git status -z -uall [6ms]
2022-12-05 17:55:23.204 [info] > git remote --verbose [12ms]
2022-12-05 17:55:23.204 [info] > git for-each-ref --sort -committerdate --format %(refname) %(objectname) %(*objectname) [20ms]
2022-12-05 17:55:23.205 [info] > git config --get commit.template [3ms]
2022-12-05 17:55:23.212 [info] > git for-each-ref --format=%(refname)%00%(upstream:short)%00%(objectname)%00%(upstream:track)%00%(upstream:remotename)%00%(upstream:remoteref) refs/heads/master refs/remotes/master [1ms]
2022-12-05 17:55:23.283 [info] > git ls-files --stage -- /home/nbellari/projects/python/product.py [1ms]
2022-12-05 17:55:23.293 [info] > git show --textconv :python/product.py [1ms]
2022-12-05 17:55:44.661 [info] > git status -z -uall [6ms]
2022-12-05 17:55:44.661 [info] > git remote --verbose [13ms]
2022-12-05 17:55:44.662 [info] > git for-each-ref --sort -committerdate --format %(refname) %(objectname) %(*objectname) [19ms]
2022-12-05 17:55:44.664 [info] > git config --get commit.template [2ms]
2022-12-05 17:55:44.673 [info] > git for-each-ref --format=%(refname)%00%(upstream:short)%00%(objectname)%00%(upstream:track)%00%(upstream:remotename)%00%(upstream:remoteref) refs/heads/master refs/remotes/master [2ms]
2022-12-05 17:55:59.679 [info] > git status -z -uall [10ms]
2022-12-05 17:55:59.680 [info] > git remote --verbose [17ms]
2022-12-05 17:55:59.680 [info] > git for-each-ref --sort -committerdate --format %(refname) %(objectname) %(*objectname) [26ms]
2022-12-05 17:55:59.683 [info] > git config --get commit.template [6ms]
2022-12-05 17:55:59.691 [info] > git for-each-ref --format=%(refname)%00%(upstream:short)%00%(objectname)%00%(upstream:track)%00%(upstream:remotename)%00%(upstream:remoteref) refs/heads/master refs/remotes/master [1ms]
2022-12-05 19:18:00.311 [info] > git status -z -uall [6ms]
2022-12-05 19:18:00.313 [info] > git remote --verbose [13ms]
2022-12-05 19:18:00.313 [info] > git for-each-ref --sort -committerdate --format %(refname) %(objectname) %(*objectname) [21ms]
2022-12-05 19:18:00.317 [info] > git config --get commit.template [4ms]
2022-12-05 19:18:00.327 [info] > git for-each-ref --format=%(refname)%00%(upstream:short)%00%(objectname)%00%(upstream:track)%00%(upstream:remotename)%00%(upstream:remoteref) refs/heads/master refs/remotes/master [1ms]
2022-12-05 19:18:04.923 [info] > git ls-files --stage -- /home/nbellari/projects/python/product.py [2ms]
2022-12-05 19:18:04.938 [info] > git show --textconv :python/product.py [1ms]
2022-12-05 19:18:05.365 [info] > git status -z -uall [7ms]
2022-12-05 19:18:05.365 [info] > git remote --verbose [17ms]
2022-12-05 19:18:05.366 [info] > git for-each-ref --sort -committerdate --format %(refname) %(objectname) %(*objectname) [23ms]
2022-12-05 19:18:05.368 [info] > git config --get commit.template [3ms]
2022-12-05 19:18:05.377 [info] > git for-each-ref --format=%(refname)%00%(upstream:short)%00%(objectname)%00%(upstream:track)%00%(upstream:remotename)%00%(upstream:remoteref) refs/heads/master refs/remotes/master [1ms]
2022-12-06 12:14:11.622 [info] > git show --textconv :python/maximize-equation.py [6ms]
2022-12-06 12:14:11.624 [info] > git ls-files --stage -- /home/nbellari/projects/python/maximize-equation.py [2ms]
2022-12-06 12:14:11.886 [info] > git check-ignore -v -z --stdin [4ms]
2022-12-06 12:14:12.471 [info] > git status -z -uall [9ms]
2022-12-06 12:14:12.472 [info] > git remote --verbose [17ms]
2022-12-06 12:14:12.472 [info] > git for-each-ref --sort -committerdate --format %(refname) %(objectname) %(*objectname) [24ms]
2022-12-06 12:14:12.474 [info] > git config --get commit.template [3ms]
2022-12-06 12:14:12.484 [info] > git for-each-ref --format=%(refname)%00%(upstream:short)%00%(objectname)%00%(upstream:track)%00%(upstream:remotename)%00%(upstream:remoteref) refs/heads/master refs/remotes/master [1ms]
2022-12-06 12:14:17.968 [info] > git status -z -uall [5ms]
2022-12-06 12:14:17.969 [info] > git remote --verbose [10ms]
2022-12-06 12:14:17.969 [info] > git for-each-ref --sort -committerdate --format %(refname) %(objectname) %(*objectname) [18ms]
2022-12-06 12:14:17.970 [info] > git config --get commit.template [2ms]
2022-12-06 12:14:17.978 [info] > git for-each-ref --format=%(refname)%00%(upstream:short)%00%(objectname)%00%(upstream:track)%00%(upstream:remotename)%00%(upstream:remoteref) refs/heads/master refs/remotes/master [1ms]
2022-12-06 12:16:49.801 [info] > git status -z -uall [7ms]
2022-12-06 12:16:49.802 [info] > git remote --verbose [16ms]
2022-12-06 12:16:49.803 [info] > git for-each-ref --sort -committerdate --format %(refname) %(objectname) %(*objectname) [23ms]
2022-12-06 12:16:49.803 [info] > git config --get commit.template [2ms]
2022-12-06 12:16:49.812 [info] > git for-each-ref --format=%(refname)%00%(upstream:short)%00%(objectname)%00%(upstream:track)%00%(upstream:remotename)%00%(upstream:remoteref) refs/heads/master refs/remotes/master [1ms]
2022-12-06 12:18:21.346 [info] > git status -z -uall [8ms]
2022-12-06 12:18:21.347 [info] > git remote --verbose [16ms]
2022-12-06 12:18:21.348 [info] > git for-each-ref --sort -committerdate --format %(refname) %(objectname) %(*objectname) [26ms]
2022-12-06 12:18:21.349 [info] > git config --get commit.template [2ms]
2022-12-06 12:18:21.357 [info] > git for-each-ref --format=%(refname)%00%(upstream:short)%00%(objectname)%00%(upstream:track)%00%(upstream:remotename)%00%(upstream:remoteref) refs/heads/master refs/remotes/master [1ms]
2022-12-06 12:24:25.625 [info] > git status -z -uall [5ms]
2022-12-06 12:24:25.625 [info] > git remote --verbose [14ms]
2022-12-06 12:24:25.626 [info] > git for-each-ref --sort -committerdate --format %(refname) %(objectname) %(*objectname) [18ms]
2022-12-06 12:24:25.627 [info] > git config --get commit.template [2ms]
2022-12-06 12:24:25.637 [info] > git for-each-ref --format=%(refname)%00%(upstream:short)%00%(objectname)%00%(upstream:track)%00%(upstream:remotename)%00%(upstream:remoteref) refs/heads/master refs/remotes/master [1ms]
2022-12-06 12:24:41.462 [info] > git status -z -uall [8ms]
2022-12-06 12:24:41.463 [info] > git remote --verbose [17ms]
2022-12-06 12:24:41.463 [info] > git for-each-ref --sort -committerdate --format %(refname) %(objectname) %(*objectname) [25ms]
2022-12-06 12:24:41.466 [info] > git config --get commit.template [4ms]
2022-12-06 12:24:41.476 [info] > git for-each-ref --format=%(refname)%00%(upstream:short)%00%(objectname)%00%(upstream:track)%00%(upstream:remotename)%00%(upstream:remoteref) refs/heads/master refs/remotes/master [2ms]
2022-12-06 12:25:10.820 [info] > git status -z -uall [7ms]
2022-12-06 12:25:10.820 [info] > git remote --verbose [13ms]
2022-12-06 12:25:10.821 [info] > git for-each-ref --sort -committerdate --format %(refname) %(objectname) %(*objectname) [17ms]
2022-12-06 12:25:10.821 [info] > git config --get commit.template [2ms]
2022-12-06 12:25:10.829 [info] > git for-each-ref --format=%(refname)%00%(upstream:short)%00%(objectname)%00%(upstream:track)%00%(upstream:remotename)%00%(upstream:remoteref) refs/heads/master refs/remotes/master [0ms]
2022-12-06 12:25:10.914 [info] > git ls-files --stage -- /home/nbellari/projects/python/maximize-equation.py [2ms]
2022-12-06 12:25:10.925 [info] > git show --textconv :python/maximize-equation.py [1ms]
2022-12-06 12:27:01.822 [info] > git status -z -uall [6ms]
2022-12-06 12:27:01.823 [info] > git remote --verbose [12ms]
2022-12-06 12:27:01.823 [info] > git for-each-ref --sort -committerdate --format %(refname) %(objectname) %(*objectname) [17ms]
2022-12-06 12:27:01.824 [info] > git config --get commit.template [3ms]
2022-12-06 12:27:01.832 [info] > git for-each-ref --format=%(refname)%00%(upstream:short)%00%(objectname)%00%(upstream:track)%00%(upstream:remotename)%00%(upstream:remoteref) refs/heads/master refs/remotes/master [1ms]
2022-12-06 12:27:29.226 [info] > git status -z -uall [10ms]
2022-12-06 12:27:29.227 [info] > git remote --verbose [20ms]
2022-12-06 12:27:29.227 [info] > git for-each-ref --sort -committerdate --format %(refname) %(objectname) %(*objectname) [30ms]
2022-12-06 12:27:29.228 [info] > git config --get commit.template [3ms]
2022-12-06 12:27:29.239 [info] > git for-each-ref --format=%(refname)%00%(upstream:short)%00%(objectname)%00%(upstream:track)%00%(upstream:remotename)%00%(upstream:remoteref) refs/heads/master refs/remotes/master [1ms]
2022-12-06 12:37:29.101 [info] > git status -z -uall [8ms]
2022-12-06 12:37:29.102 [info] > git remote --verbose [16ms]
2022-12-06 12:37:29.102 [info] > git for-each-ref --sort -committerdate --format %(refname) %(objectname) %(*objectname) [24ms]
2022-12-06 12:37:29.104 [info] > git config --get commit.template [3ms]
2022-12-06 12:37:29.113 [info] > git for-each-ref --format=%(refname)%00%(upstream:short)%00%(objectname)%00%(upstream:track)%00%(upstream:remotename)%00%(upstream:remoteref) refs/heads/master refs/remotes/master [2ms]
2022-12-06 12:39:30.435 [info] > git status -z -uall [6ms]
2022-12-06 12:39:30.435 [info] > git remote --verbose [11ms]
2022-12-06 12:39:30.436 [info] > git for-each-ref --sort -committerdate --format %(refname) %(objectname) %(*objectname) [19ms]
2022-12-06 12:39:30.437 [info] > git config --get commit.template [2ms]
2022-12-06 12:39:30.446 [info] > git for-each-ref --format=%(refname)%00%(upstream:short)%00%(objectname)%00%(upstream:track)%00%(upstream:remotename)%00%(upstream:remoteref) refs/heads/master refs/remotes/master [1ms]
2022-12-06 12:39:37.279 [info] > git status -z -uall [7ms]
2022-12-06 12:39:37.279 [info] > git remote --verbose [13ms]
2022-12-06 12:39:37.280 [info] > git for-each-ref --sort -committerdate --format %(refname) %(objectname) %(*objectname) [17ms]
2022-12-06 12:39:37.280 [info] > git config --get commit.template [2ms]
2022-12-06 12:39:37.287 [info] > git for-each-ref --format=%(refname)%00%(upstream:short)%00%(objectname)%00%(upstream:track)%00%(upstream:remotename)%00%(upstream:remoteref) refs/heads/master refs/remotes/master [1ms]
2022-12-06 12:40:13.738 [info] > git status -z -uall [6ms]
2022-12-06 12:40:13.739 [info] > git remote --verbose [11ms]
2022-12-06 12:40:13.739 [info] > git for-each-ref --sort -committerdate --format %(refname) %(objectname) %(*objectname) [21ms]
2022-12-06 12:40:13.740 [info] > git config --get commit.template [2ms]
2022-12-06 12:40:13.750 [info] > git for-each-ref --format=%(refname)%00%(upstream:short)%00%(objectname)%00%(upstream:track)%00%(upstream:remotename)%00%(upstream:remoteref) refs/heads/master refs/remotes/master [1ms]
2022-12-06 12:40:24.447 [info] > git status -z -uall [8ms]
2022-12-06 12:40:24.448 [info] > git remote --verbose [15ms]
2022-12-06 12:40:24.448 [info] > git for-each-ref --sort -committerdate --format %(refname) %(objectname) %(*objectname) [22ms]
2022-12-06 12:40:24.450 [info] > git config --get commit.template [3ms]
2022-12-06 12:40:24.459 [info] > git for-each-ref --format=%(refname)%00%(upstream:short)%00%(objectname)%00%(upstream:track)%00%(upstream:remotename)%00%(upstream:remoteref) refs/heads/master refs/remotes/master [1ms]
2022-12-06 12:41:54.624 [info] > git status -z -uall [7ms]
2022-12-06 12:41:54.625 [info] > git remote --verbose [14ms]
2022-12-06 12:41:54.625 [info] > git for-each-ref --sort -committerdate --format %(refname) %(objectname) %(*objectname) [23ms]
2022-12-06 12:41:54.626 [info] > git config --get commit.template [3ms]
2022-12-06 12:41:54.634 [info] > git for-each-ref --format=%(refname)%00%(upstream:short)%00%(objectname)%00%(upstream:track)%00%(upstream:remotename)%00%(upstream:remoteref) refs/heads/master refs/remotes/master [1ms]
2022-12-06 12:42:24.978 [info] > git status -z -uall [8ms]
2022-12-06 12:42:24.979 [info] > git remote --verbose [17ms]
2022-12-06 12:42:24.979 [info] > git for-each-ref --sort -committerdate --format %(refname) %(objectname) %(*objectname) [34ms]
2022-12-06 12:42:24.980 [info] > git config --get commit.template [3ms]
2022-12-06 12:42:24.988 [info] > git for-each-ref --format=%(refname)%00%(upstream:short)%00%(objectname)%00%(upstream:track)%00%(upstream:remotename)%00%(upstream:remoteref) refs/heads/master refs/remotes/master [1ms]
2022-12-06 12:43:34.310 [info] > git status -z -uall [14ms]
2022-12-06 12:43:34.312 [info] > git remote --verbose [25ms]
2022-12-06 12:43:34.312 [info] > git for-each-ref --sort -committerdate --format %(refname) %(objectname) %(*objectname) [35ms]
2022-12-06 12:43:34.316 [info] > git config --get commit.template [9ms]
2022-12-06 12:43:34.330 [info] > git for-each-ref --format=%(refname)%00%(upstream:short)%00%(objectname)%00%(upstream:track)%00%(upstream:remotename)%00%(upstream:remoteref) refs/heads/master refs/remotes/master [1ms]
2022-12-06 12:45:32.398 [info] > git status -z -uall [7ms]
2022-12-06 12:45:32.399 [info] > git remote --verbose [16ms]
2022-12-06 12:45:32.399 [info] > git for-each-ref --sort -committerdate --format %(refname) %(objectname) %(*objectname) [27ms]
2022-12-06 12:45:32.400 [info] > git config --get commit.template [2ms]
2022-12-06 12:45:32.407 [info] > git for-each-ref --format=%(refname)%00%(upstream:short)%00%(objectname)%00%(upstream:track)%00%(upstream:remotename)%00%(upstream:remoteref) refs/heads/master refs/remotes/master [1ms]
2022-12-06 12:45:40.265 [info] > git status -z -uall [2ms]
2022-12-06 12:45:40.266 [info] > git remote --verbose [10ms]
2022-12-06 12:45:40.267 [info] > git for-each-ref --sort -committerdate --format %(refname) %(objectname) %(*objectname) [19ms]
2022-12-06 12:45:40.278 [info] > git config --get commit.template [6ms]
2022-12-06 12:45:40.279 [info] > git for-each-ref --format=%(refname)%00%(upstream:short)%00%(objectname)%00%(upstream:track)%00%(upstream:remotename)%00%(upstream:remoteref) refs/heads/master refs/remotes/master [1ms]
2022-12-06 12:46:43.212 [info] > git status -z -uall [7ms]
2022-12-06 12:46:43.212 [info] > git remote --verbose [11ms]
2022-12-06 12:46:43.213 [info] > git for-each-ref --sort -committerdate --format %(refname) %(objectname) %(*objectname) [18ms]
2022-12-06 12:46:43.214 [info] > git config --get commit.template [3ms]
2022-12-06 12:46:43.220 [info] > git for-each-ref --format=%(refname)%00%(upstream:short)%00%(objectname)%00%(upstream:track)%00%(upstream:remotename)%00%(upstream:remoteref) refs/heads/master refs/remotes/master [1ms]
2022-12-06 12:50:54.332 [info] > git status -z -uall [5ms]
2022-12-06 12:50:54.333 [info] > git remote --verbose [11ms]
2022-12-06 12:50:54.334 [info] > git for-each-ref --sort -committerdate --format %(refname) %(objectname) %(*objectname) [17ms]
2022-12-06 12:50:54.334 [info] > git config --get commit.template [2ms]
2022-12-06 12:50:54.342 [info] > git for-each-ref --format=%(refname)%00%(upstream:short)%00%(objectname)%00%(upstream:track)%00%(upstream:remotename)%00%(upstream:remoteref) refs/heads/master refs/remotes/master [1ms]
2022-12-06 12:51:05.273 [info] > git status -z -uall [7ms]
2022-12-06 12:51:05.273 [info] > git remote --verbose [13ms]
2022-12-06 12:51:05.274 [info] > git for-each-ref --sort -committerdate --format %(refname) %(objectname) %(*objectname) [17ms]
2022-12-06 12:51:05.274 [info] > git config --get commit.template [3ms]
2022-12-06 12:51:05.282 [info] > git for-each-ref --format=%(refname)%00%(upstream:short)%00%(objectname)%00%(upstream:track)%00%(upstream:remotename)%00%(upstream:remoteref) refs/heads/master refs/remotes/master [1ms]
2022-12-06 12:51:31.932 [info] > git status -z -uall [5ms]
2022-12-06 12:51:31.933 [info] > git remote --verbose [12ms]
2022-12-06 12:51:31.933 [info] > git for-each-ref --sort -committerdate --format %(refname) %(objectname) %(*objectname) [17ms]
2022-12-06 12:51:31.934 [info] > git config --get commit.template [2ms]
2022-12-06 12:51:31.943 [info] > git for-each-ref --format=%(refname)%00%(upstream:short)%00%(objectname)%00%(upstream:track)%00%(upstream:remotename)%00%(upstream:remoteref) refs/heads/master refs/remotes/master [1ms]
2022-12-06 12:51:38.984 [info] > git status -z -uall [7ms]
2022-12-06 12:51:38.985 [info] > git remote --verbose [14ms]
2022-12-06 12:51:38.985 [info] > git for-each-ref --sort -committerdate --format %(refname) %(objectname) %(*objectname) [20ms]
2022-12-06 12:51:38.986 [info] > git config --get commit.template [3ms]
2022-12-06 12:51:38.996 [info] > git for-each-ref --format=%(refname)%00%(upstream:short)%00%(objectname)%00%(upstream:track)%00%(upstream:remotename)%00%(upstream:remoteref) refs/heads/master refs/remotes/master [2ms]
2022-12-06 12:52:25.962 [info] > git status -z -uall [6ms]
2022-12-06 12:52:25.962 [info] > git remote --verbose [11ms]
2022-12-06 12:52:25.963 [info] > git for-each-ref --sort -committerdate --format %(refname) %(objectname) %(*objectname) [16ms]
2022-12-06 12:52:25.963 [info] > git config --get commit.template [2ms]
2022-12-06 12:52:25.973 [info] > git for-each-ref --format=%(refname)%00%(upstream:short)%00%(objectname)%00%(upstream:track)%00%(upstream:remotename)%00%(upstream:remoteref) refs/heads/master refs/remotes/master [1ms]
2022-12-06 12:52:31.623 [info] > git status -z -uall [7ms]
2022-12-06 12:52:31.624 [info] > git remote --verbose [14ms]
2022-12-06 12:52:31.624 [info] > git for-each-ref --sort -committerdate --format %(refname) %(objectname) %(*objectname) [24ms]
2022-12-06 12:52:31.625 [info] > git config --get commit.template [1ms]
2022-12-06 12:52:31.632 [info] > git for-each-ref --format=%(refname)%00%(upstream:short)%00%(objectname)%00%(upstream:track)%00%(upstream:remotename)%00%(upstream:remoteref) refs/heads/master refs/remotes/master [1ms]
2022-12-06 12:54:41.842 [info] > git status -z -uall [6ms]
2022-12-06 12:54:41.843 [info] > git remote --verbose [13ms]
2022-12-06 12:54:41.844 [info] > git for-each-ref --sort -committerdate --format %(refname) %(objectname) %(*objectname) [19ms]
2022-12-06 12:54:41.845 [info] > git config --get commit.template [3ms]
2022-12-06 12:54:41.852 [info] > git for-each-ref --format=%(refname)%00%(upstream:short)%00%(objectname)%00%(upstream:track)%00%(upstream:remotename)%00%(upstream:remoteref) refs/heads/master refs/remotes/master [0ms]
2022-12-06 19:25:06.397 [info] > git show --textconv :python/nodup-subsequence.py [10ms]
2022-12-06 19:25:06.398 [info] > git ls-files --stage -- /home/nbellari/projects/python/nodup-subsequence.py [2ms]
2022-12-06 19:25:06.637 [info] > git check-ignore -v -z --stdin [0ms]
2022-12-06 19:25:07.167 [info] > git status -z -uall [8ms]
2022-12-06 19:25:07.168 [info] > git remote --verbose [16ms]
2022-12-06 19:25:07.168 [info] > git for-each-ref --sort -committerdate --format %(refname) %(objectname) %(*objectname) [25ms]
2022-12-06 19:25:07.169 [info] > git config --get commit.template [2ms]
2022-12-06 19:25:07.179 [info] > git for-each-ref --format=%(refname)%00%(upstream:short)%00%(objectname)%00%(upstream:track)%00%(upstream:remotename)%00%(upstream:remoteref) refs/heads/master refs/remotes/master [2ms]
2022-12-06 19:25:33.476 [info] > git status -z -uall [7ms]
2022-12-06 19:25:33.477 [info] > git remote --verbose [14ms]
2022-12-06 19:25:33.477 [info] > git for-each-ref --sort -committerdate --format %(refname) %(objectname) %(*objectname) [21ms]
2022-12-06 19:25:33.481 [info] > git config --get commit.template [5ms]
2022-12-06 19:25:33.492 [info] > git for-each-ref --format=%(refname)%00%(upstream:short)%00%(objectname)%00%(upstream:track)%00%(upstream:remotename)%00%(upstream:remoteref) refs/heads/master refs/remotes/master [2ms]
