LSP Notebooks experiment is enabled
LSP Notebooks interactive window support is enabled
> conda info --json
> python -c "import sys;print(sys.executable)"
[ERROR 2022-10-29 19:21:6.875]: [Error: Command failed: python -c "import sys;print(sys.executable)"
/bin/sh: 1: python: not found

	at ChildProcess.exithandler (node:child_process:399:12)
	at ChildProcess.emit (node:events:526:28)
	at maybeClose (node:internal/child_process:1092:16)
	at Socket.<anonymous> (node:internal/child_process:451:11)
	at Socket.emit (node:events:526:28)
	at Pipe.<anonymous> (node:net:687:12)] {
  killed: false,
  code: 127,
  signal: null,
  cmd: 'python -c "import sys;print(sys.executable)"'
}
> /bin/python3 ~/.vscode-server/extensions/ms-python.python-2022.18.2/pythonFiles/get_output_via_markers.py ~/.vscode-server/extensions/ms-python.python-2022.18.2/pythonFiles/interpreterInfo.py
> /usr/bin/python3 ~/.vscode-server/extensions/ms-python.python-2022.18.2/pythonFiles/get_output_via_markers.py ~/.vscode-server/extensions/ms-python.python-2022.18.2/pythonFiles/interpreterInfo.py
Python interpreter path: /bin/python3
Starting Pylance language server.
DAP Server launched with command: /bin/python3 /home/nbellari/.vscode-server/extensions/ms-python.python-2022.18.2/pythonFiles/lib/python/debugpy/adapter
