2022-11-29 19:20:17.382 [info] Validating found git in: git
2022-11-29 19:20:17.382 [info] Using git 2.25.1 from git
2022-11-29 19:20:17.383 [info] > git rev-parse --show-toplevel [41ms]
2022-11-29 19:20:17.383 [info] > git rev-parse --git-dir --git-common-dir [27ms]
2022-11-29 19:20:17.383 [info] Log level: Info
2022-11-29 19:20:17.383 [info] Open repository: /home/nbellari/projects
2022-11-29 19:20:17.383 [info] > git status -z -uall [13ms]
2022-11-29 19:20:17.383 [info] > git rev-parse --show-toplevel [8ms]
2022-11-29 19:20:17.383 [info] > git remote --verbose [23ms]
2022-11-29 19:20:17.383 [info] > git for-each-ref --sort -committerdate --format %(refname) %(objectname) %(*objectname) [29ms]
2022-11-29 19:20:17.383 [info] > git rev-parse --show-toplevel [9ms]
2022-11-29 19:20:17.383 [info] > git config --get commit.template [19ms]
2022-11-29 19:20:17.383 [info] > git rev-parse --show-toplevel [3ms]
2022-11-29 19:20:17.383 [info] > git rev-parse --show-toplevel [5ms]
2022-11-29 19:20:17.383 [info] > git for-each-ref --format=%(refname)%00%(upstream:short)%00%(objectname)%00%(upstream:track)%00%(upstream:remotename)%00%(upstream:remoteref) refs/heads/master refs/remotes/master [7ms]
2022-11-29 19:20:17.383 [info] > git status -z -uall [12ms]
2022-11-29 19:20:17.383 [info] > git remote --verbose [18ms]
2022-11-29 19:20:17.383 [info] > git for-each-ref --sort -committerdate --format %(refname) %(objectname) %(*objectname) [21ms]
2022-11-29 19:20:17.383 [info] > git rev-parse --show-toplevel [33ms]
2022-11-29 19:20:17.383 [info] > git rev-parse --show-toplevel [2ms]
2022-11-29 19:20:17.383 [info] > git config --get commit.template [18ms]
2022-11-29 19:20:17.383 [info] > git rev-parse --show-toplevel [2ms]
2022-11-29 19:20:17.383 [info] > git rev-parse --show-toplevel [5ms]
2022-11-29 19:20:17.383 [info] > git for-each-ref --format=%(refname)%00%(upstream:short)%00%(objectname)%00%(upstream:track)%00%(upstream:remotename)%00%(upstream:remoteref) refs/heads/master refs/remotes/master [5ms]
2022-11-29 19:20:17.383 [info] > git rev-parse --show-toplevel [3ms]
2022-11-29 19:20:17.383 [info] > git rev-parse --show-toplevel [1ms]
2022-11-29 19:20:17.383 [info] > git rev-parse --show-toplevel [1ms]
2022-11-29 19:20:17.383 [info] > git rev-parse --show-toplevel [1ms]
2022-11-29 19:20:17.734 [info] > git check-ignore -v -z --stdin [4ms]
2022-11-29 19:20:19.520 [info] > git check-ignore -v -z --stdin [1ms]
2022-11-29 19:20:22.023 [info] > git check-ignore -v -z --stdin [0ms]
2022-11-29 19:20:23.192 [info] > git show --textconv :python/utils/rlist.py [7ms]
2022-11-29 19:20:23.194 [info] > git ls-files --stage -- /home/nbellari/projects/python/utils/rlist.py [2ms]
2022-11-29 19:20:23.200 [info] > git cat-file -s 95d4d8abb752d1c92d612ee0d9f02b07bedb21d3 [1ms]
2022-11-29 19:21:11.854 [info] > git show --textconv :python/utils/rlist.py [7ms]
2022-11-29 19:21:11.857 [info] > git ls-files --stage -- /home/nbellari/projects/python/utils/rlist.py [3ms]
2022-11-29 19:21:11.866 [info] > git cat-file -s 95d4d8abb752d1c92d612ee0d9f02b07bedb21d3 [2ms]
2022-11-29 19:21:17.821 [info] > git status -z -uall [10ms]
2022-11-29 19:21:17.821 [info] > git remote --verbose [16ms]
2022-11-29 19:21:17.822 [info] > git for-each-ref --sort -committerdate --format %(refname) %(objectname) %(*objectname) [25ms]
2022-11-29 19:21:17.824 [info] > git config --get commit.template [4ms]
2022-11-29 19:21:17.833 [info] > git for-each-ref --format=%(refname)%00%(upstream:short)%00%(objectname)%00%(upstream:track)%00%(upstream:remotename)%00%(upstream:remoteref) refs/heads/master refs/remotes/master [1ms]
2022-11-29 19:21:18.938 [info] > git ls-files --stage -- /home/nbellari/projects/python/utils/rlist.py [1ms]
2022-11-29 19:21:18.945 [info] > git cat-file -s 95d4d8abb752d1c92d612ee0d9f02b07bedb21d3 [1ms]
2022-11-29 19:21:18.957 [info] > git show --textconv :python/utils/rlist.py [1ms]
