2022-12-02 12:16:04.896 [info] Extension host with pid 263 started
2022-12-02 12:16:04.941 [info] Lock '/home/nbellari/.vscode-server/data/User/workspaceStorage/0ac92ac8214ba5a4768b7f941e5fe04d/vscode.lock': Lock acquired.
2022-12-02 12:16:05.010 [info] ExtensionService#_doActivateExtension vscode.git-base, startup: true, activationEvent: '*', root cause: vscode.git
2022-12-02 12:16:05.128 [info] ExtensionService#_doActivateExtension vscode.git, startup: true, activationEvent: '*'
2022-12-02 12:16:05.129 [info] ExtensionService#_doActivateExtension vscode.github, startup: true, activationEvent: '*'
2022-12-02 12:16:05.369 [info] ExtensionService#_doActivateExtension ms-python.python, startup: true, activationEvent: 'workspaceContains:*.py', root cause: ms-python.isort
2022-12-02 12:16:05.750 [info] ExtensionService#_doActivateExtension ms-python.isort, startup: true, activationEvent: 'workspaceContains:*.py'
2022-12-02 12:16:05.808 [info] ExtensionService#_doActivateExtension vscode.debug-auto-launch, startup: false, activationEvent: 'onStartupFinished'
2022-12-02 12:16:05.808 [info] ExtensionService#_doActivateExtension vscode.emmet, startup: false, activationEvent: 'onStartupFinished'
2022-12-02 12:16:05.808 [info] ExtensionService#_doActivateExtension vscode.merge-conflict, startup: false, activationEvent: 'onStartupFinished'
2022-12-02 12:16:05.809 [info] Eager extensions activated
2022-12-02 12:16:27.714 [info] ExtensionService#_doActivateExtension ms-python.vscode-pylance, startup: false, activationEvent: 'onLanguage:python'
2022-12-02 12:16:27.715 [info] ExtensionService#_doActivateExtension ms-toolsai.jupyter, startup: false, activationEvent: 'onLanguage:python'
2022-12-02 12:16:28.720 [info] ExtensionService#_doActivateExtension ms-toolsai.jupyter-renderers, startup: false, activationEvent: 'api', root cause: ms-toolsai.jupyter
2022-12-02 12:16:30.301 [error] Error: Module 'pip' not installed.
	at l.execModule (/home/nbellari/.vscode-server/extensions/ms-toolsai.jupyter-2022.9.1303220346/out/extension.node.js:7:88752)
	at processTicksAndRejections (node:internal/process/task_queues:96:5)
	at async r.getPackageInformation (/home/nbellari/.vscode-server/extensions/ms-toolsai.jupyter-2022.9.1303220346/out/extension.node.js:17:44012)
2022-12-02 12:17:57.288 [info] ExtensionService#_doActivateExtension vscode.configuration-editing, startup: false, activationEvent: 'onLanguage:jsonc'
2022-12-02 12:17:57.288 [info] ExtensionService#_doActivateExtension vscode.json-language-features, startup: false, activationEvent: 'onLanguage:jsonc'
2022-12-02 12:17:57.288 [info] ExtensionService#_doActivateExtension vscode.typescript-language-features, startup: false, activationEvent: 'onLanguage:jsonc'
2022-12-05 17:55:20.131 [info] ExtensionService#_doActivateExtension vscode.debug-server-ready, startup: false, activationEvent: 'onDebugResolve'
